mode: set
github.com/josa42/project/pkg/files/matcher/matcher.go:18.46,27.2 5 1
github.com/josa42/project/pkg/files/matcher/matcher.go:29.43,32.28 2 1
github.com/josa42/project/pkg/files/matcher/matcher.go:36.2,36.16 1 1
github.com/josa42/project/pkg/files/matcher/matcher.go:32.28,34.3 1 1
github.com/josa42/project/pkg/files/matcher/matcher.go:39.36,44.30 3 1
github.com/josa42/project/pkg/files/matcher/matcher.go:51.2,53.45 2 1
github.com/josa42/project/pkg/files/matcher/matcher.go:57.2,57.16 1 1
github.com/josa42/project/pkg/files/matcher/matcher.go:44.30,49.3 3 1
github.com/josa42/project/pkg/files/matcher/matcher.go:53.45,55.3 1 1
github.com/josa42/project/pkg/files/matcher/matcher.go:60.48,65.30 3 1
github.com/josa42/project/pkg/files/matcher/matcher.go:69.2,69.41 1 1
github.com/josa42/project/pkg/files/matcher/matcher.go:73.2,73.15 1 1
github.com/josa42/project/pkg/files/matcher/matcher.go:65.30,67.3 1 1
github.com/josa42/project/pkg/files/matcher/matcher.go:69.41,71.3 1 1
github.com/josa42/project/pkg/files/matcher/matcher.go:76.37,77.14 1 1
github.com/josa42/project/pkg/files/matcher/matcher.go:78.11,79.13 1 1
github.com/josa42/project/pkg/files/matcher/matcher.go:80.12,81.16 1 1
github.com/josa42/project/pkg/files/matcher/matcher.go:82.10,83.14 1 0
github.com/josa42/project/pkg/files/matcher/matcher.go:87.37,88.14 1 1
github.com/josa42/project/pkg/files/matcher/matcher.go:89.11,90.53 1 1
github.com/josa42/project/pkg/files/matcher/matcher.go:91.12,92.16 1 1
github.com/josa42/project/pkg/files/matcher/matcher.go:93.10,94.14 1 0
github.com/josa42/project/pkg/files/matcher/matcher.go:98.28,102.16 3 1
github.com/josa42/project/pkg/files/matcher/matcher.go:102.16,104.3 1 1
github.com/josa42/project/pkg/files/matcher/matcher.go:109.49,112.2 2 0
github.com/josa42/project/pkg/files/matcher/matcher.go:114.60,120.22 4 1
github.com/josa42/project/pkg/files/matcher/matcher.go:132.2,132.12 1 1
github.com/josa42/project/pkg/files/matcher/matcher.go:120.22,123.31 2 1
github.com/josa42/project/pkg/files/matcher/matcher.go:128.3,128.16 1 1
github.com/josa42/project/pkg/files/matcher/matcher.go:123.31,126.4 2 1
github.com/josa42/project/pkg/files/matcher/matcher.go:135.70,141.30 4 1
github.com/josa42/project/pkg/files/matcher/matcher.go:146.2,146.18 1 1
github.com/josa42/project/pkg/files/matcher/matcher.go:141.30,144.3 2 1
github.com/josa42/project/pkg/files/matcher/matcher.go:149.65,155.30 5 0
github.com/josa42/project/pkg/files/matcher/matcher.go:159.2,159.15 1 0
github.com/josa42/project/pkg/files/matcher/matcher.go:155.30,157.3 1 0
